Removed Pin From Net: NetName=+5V Pin=J?-1
Removed Pin From Net: NetName=RESET Pin=J?-1
Removed Pin From Net: NetName=DGND Pin=J?-3
Removed Pin From Net: NetName=RXD Pin=J?-3
Removed Pin From Net: NetName=PD11/MOSI Pin=J?-4
Removed Pin From Net: NetName=PD13/SCK Pin=J?-5
Removed Pin From Net: NetName=SDA Pin=J?-5
Removed Pin From Net: NetName=TXD Pin=J?-6
Removed Pin From Net: NetName=+5V Pin=J?-7
Removed Pin From Net: NetName=SDL Pin=J?-7
Removed Pin From Net: NetName=GND Pin=J?-8
Added Pin To Net: NetName=PD12/MISO Pin=J?-1
Added Pin To Net: NetName=+5V Pin=J?-2
Added Pin To Net: NetName=PD11/MOSI Pin=J?-3
Added Pin To Net: NetName=PD13/SCK Pin=J?-4
Added Pin To Net: NetName=TXD Pin=J?-5
Added Pin To Net: NetName=RXD Pin=J?-6
Added Pin To Net: NetName=GND Pin=J?-7
Added Pin To Net: NetName=RESET Pin=J?-8
Add Net: Net with name "NetC?_2" already exists
Add Net: Net with name "NetLED?_2" already exists
Add Net: Net with name "NetLED?_2" already exists
Add Net: Net with name "NetR?_2" already exists
Added Member To Class: ClassName=Controller Member=Component C? CAP 22pF 50V 1206(3216)
Added Member To Class: ClassName=Controller Member=Component C? 870585574003
Added Member To Class: ClassName=Controller Member=Component C? 0.33uf
Added Member To Class: ClassName=Controller Member=Component C? 0.1uf
Added Member To Class: ClassName=Controller Member=Component J? B3B-XH-A(LF)(SN)
Added Member To Class: ClassName=Controller Member=Component J? B3B-XH-A(LF)(SN)
Added Member To Class: ClassName=Controller Member=Component J? PBC04DAAN
Added Member To Class: ClassName=Controller Member=Component J? B3B-XH-A(LF)(SN)
Added Member To Class: ClassName=Controller Member=Component J? B3B-XH-A(LF)(SN)
Added Member To Class: ClassName=Controller Member=Component J? B6B-XH-A(LF)(SN)
Added Member To Class: ClassName=Controller Member=Component J? Battery
Added Member To Class: ClassName=Controller Member=Component J? Buck out
Added Member To Class: ClassName=Controller Member=Component J? Switch
Added Member To Class: ClassName=Controller Member=Component J? B6B-XH-A(LF)(SN)
Added Member To Class: ClassName=Controller Member=Component J? Buck In
Added Member To Class: ClassName=Controller Member=Component J? PBC04DAAN
Added Member To Class: ClassName=Controller Member=Component LED? LED SMD 0805
Added Member To Class: ClassName=Controller Member=Component LED? C4SMA-BGY-CR34Q4S1
Added Member To Class: ClassName=Controller Member=Component Q? IRLZ44NSTRLPBF
Added Member To Class: ClassName=Controller Member=Component R? 330 5%
Added Member To Class: ClassName=Controller Member=Component R? 10k 5%
Added Member To Class: ClassName=Controller Member=Component R? 150 1%
Added Member To Class: ClassName=Controller Member=Component R? 330 5%
Added Member To Class: ClassName=Controller Member=Component R? 10k 5%
Added Member To Class: ClassName=Controller Member=Component R? 10k 5%
Added Member To Class: ClassName=Controller Member=Component R? 10k 5%
Added Member To Class: ClassName=Controller Member=Component S? B3F-5050
Added Member To Class: ClassName=Controller Member=Component S? B3F-5050
Added Member To Class: ClassName=Controller Member=Component U? ATmega328-AU
