Removed Pin From Net: NetName=GND Pin=J?-1
Removed Pin From Net: NetName=GND Pin=J?-2
Removed Pin From Net: NetName=GND Pin=J?-3
Removed Pin From Net: NetName=GND Pin=J?-3
Added Component: Designator=C?(CAPC3216X170N)
Add component (AddParameter): Name = "Arrow Part Number"; Value = ""; VariantName = "[No Variations]"
Add component (AddParameter): Name = "Arrow Price/Stock"; Value = ""; VariantName = "[No Variations]"
Add component (AddParameter): Name = "Datasheet Link"; Value = "http://www.vishay.com/docs/45200/vjhirelseries.pdf"; VariantName = "[No Variations]"
Add component (AddParameter): Name = "Height"; Value = "1.7mm"; VariantName = "[No Variations]"
Add component (AddParameter): Name = "Manufacturer_Name"; Value = "Vishay"; VariantName = "[No Variations]"
Add component (AddParameter): Name = "Manufacturer_Part_Number"; Value = "VJ1206Y104KXAMR"; VariantName = "[No Variations]"
Add component (AddParameter): Name = "Mouser Part Number"; Value = "77-VJ1206Y104KXAMR"; VariantName = "[No Variations]"
Add component (AddParameter): Name = "Mouser Price/Stock"; Value = "https://www.mouser.co.uk/ProductDetail/Vishay-Vitramon/VJ1206Y104KXAMR?qs=9XTvUtu7mEaopNjNYBGUkA%3D%3D"; VariantName = "[No Variations]"
Added Component: Designator=IC?(SOIC127P600X175-16N)
Add component (AddParameter): Name = "Arrow Part Number"; Value = "74HC595D,118"; VariantName = "[No Variations]"
Add component (AddParameter): Name = "Arrow Price/Stock"; Value = "https://www.arrow.com/en/products/74hc595d118/nexperia?region=nac"; VariantName = "[No Variations]"
Add component (AddParameter): Name = "Datasheet Link"; Value = "https://assets.nexperia.com/documents/data-sheet/74HC_HCT595.pdf"; VariantName = "[No Variations]"
Add component (AddParameter): Name = "Height"; Value = "1.75mm"; VariantName = "[No Variations]"
Add component (AddParameter): Name = "Manufacturer_Name"; Value = "Nexperia"; VariantName = "[No Variations]"
Add component (AddParameter): Name = "Manufacturer_Part_Number"; Value = "74HC595D,118"; VariantName = "[No Variations]"
Add component (AddParameter): Name = "Mouser Part Number"; Value = "771-74HC595D-T"; VariantName = "[No Variations]"
Add component (AddParameter): Name = "Mouser Price/Stock"; Value = "https://www.mouser.co.uk/ProductDetail/Nexperia/74HC595D118?qs=P62ublwmbi8l0ry%252BN2uyHg%3D%3D"; VariantName = "[No Variations]"
Added Component: Designator=Q?(IRF2804STRLPBF)
Add component (AddParameter): Name = "Arrow Part Number"; Value = "IRLZ44NSTRLPBF"; VariantName = "[No Variations]"
Add component (AddParameter): Name = "Arrow Price/Stock"; Value = "https://www.arrow.com/en/products/irlz44nstrlpbf/infineon-technologies-ag?region=nac"; VariantName = "[No Variations]"
Add component (AddParameter): Name = "Datasheet Link"; Value = "https://www.infineon.com/dgdl/irlz44nspbf.pdf?fileId=5546d462533600a40153567221272727"; VariantName = "[No Variations]"
Add component (AddParameter): Name = "Height"; Value = "4.83mm"; VariantName = "[No Variations]"
Add component (AddParameter): Name = "Manufacturer_Name"; Value = "Infineon"; VariantName = "[No Variations]"
Add component (AddParameter): Name = "Manufacturer_Part_Number"; Value = "IRLZ44NSTRLPBF"; VariantName = "[No Variations]"
Add component (AddParameter): Name = "Mouser Part Number"; Value = "942-IRLZ44NSTRLPBF"; VariantName = "[No Variations]"
Add component (AddParameter): Name = "Mouser Price/Stock"; Value = "https://www.mouser.co.uk/ProductDetail/Infineon-Technologies/IRLZ44NSTRLPBF?qs=9%252BKlkBgLFf1LijFJvUznEg%3D%3D"; VariantName = "[No Variations]"
Added Component: Designator=Q?(IRF2804STRLPBF)
Add component (AddParameter): Name = "Arrow Part Number"; Value = "IRLZ44NSTRLPBF"; VariantName = "[No Variations]"
Add component (AddParameter): Name = "Arrow Price/Stock"; Value = "https://www.arrow.com/en/products/irlz44nstrlpbf/infineon-technologies-ag?region=nac"; VariantName = "[No Variations]"
Add component (AddParameter): Name = "Datasheet Link"; Value = "https://www.infineon.com/dgdl/irlz44nspbf.pdf?fileId=5546d462533600a40153567221272727"; VariantName = "[No Variations]"
Add component (AddParameter): Name = "Height"; Value = "4.83mm"; VariantName = "[No Variations]"
Add component (AddParameter): Name = "Manufacturer_Name"; Value = "Infineon"; VariantName = "[No Variations]"
Add component (AddParameter): Name = "Manufacturer_Part_Number"; Value = "IRLZ44NSTRLPBF"; VariantName = "[No Variations]"
Add component (AddParameter): Name = "Mouser Part Number"; Value = "942-IRLZ44NSTRLPBF"; VariantName = "[No Variations]"
Add component (AddParameter): Name = "Mouser Price/Stock"; Value = "https://www.mouser.co.uk/ProductDetail/Infineon-Technologies/IRLZ44NSTRLPBF?qs=9%252BKlkBgLFf1LijFJvUznEg%3D%3D"; VariantName = "[No Variations]"
Added Component: Designator=Q?(IRF2804STRLPBF)
Add component (AddParameter): Name = "Arrow Part Number"; Value = "IRLZ44NSTRLPBF"; VariantName = "[No Variations]"
Add component (AddParameter): Name = "Arrow Price/Stock"; Value = "https://www.arrow.com/en/products/irlz44nstrlpbf/infineon-technologies-ag?region=nac"; VariantName = "[No Variations]"
Add component (AddParameter): Name = "Datasheet Link"; Value = "https://www.infineon.com/dgdl/irlz44nspbf.pdf?fileId=5546d462533600a40153567221272727"; VariantName = "[No Variations]"
Add component (AddParameter): Name = "Height"; Value = "4.83mm"; VariantName = "[No Variations]"
Add component (AddParameter): Name = "Manufacturer_Name"; Value = "Infineon"; VariantName = "[No Variations]"
Add component (AddParameter): Name = "Manufacturer_Part_Number"; Value = "IRLZ44NSTRLPBF"; VariantName = "[No Variations]"
Add component (AddParameter): Name = "Mouser Part Number"; Value = "942-IRLZ44NSTRLPBF"; VariantName = "[No Variations]"
Add component (AddParameter): Name = "Mouser Price/Stock"; Value = "https://www.mouser.co.uk/ProductDetail/Infineon-Technologies/IRLZ44NSTRLPBF?qs=9%252BKlkBgLFf1LijFJvUznEg%3D%3D"; VariantName = "[No Variations]"
Added Pin To Net: NetName=+5V Pin=C?-1
Added Pin To Net: NetName=GND Pin=C?-2
Added Pin To Net: NetName=GND Pin=IC?-8
Added Pin To Net: NetName=+5V Pin=IC?-10
Added Pin To Net: NetName=PD10 Pin=IC?-11
Added Pin To Net: NetName=PD11 Pin=IC?-12
Added Pin To Net: NetName=GND Pin=IC?-13
Added Pin To Net: NetName=PD12 Pin=IC?-14
Added Pin To Net: NetName=+5V Pin=IC?-16
Added Pin To Net: NetName=GND Pin=Q?-3
Added Pin To Net: NetName=GND Pin=Q?-3
Added Pin To Net: NetName=GND Pin=Q?-3
Added Pin To Net: NetName=GND Pin=Q?-3
Added Pin To Net: NetName=NetIC?_1 Pin=IC?-1
Added Pin To Net: NetName=NetIC?_1 Pin=Q?-1
Added Net: Name=NetIC?_1
Added Pin To Net: NetName=NetIC?_2 Pin=IC?-2
Added Pin To Net: NetName=NetIC?_2 Pin=Q?-1
Added Net: Name=NetIC?_2
Added Pin To Net: NetName=NetIC?_3 Pin=IC?-3
Added Pin To Net: NetName=NetIC?_3 Pin=Q?-1
Added Net: Name=NetIC?_3
Added Pin To Net: NetName=NetIC?_15 Pin=IC?-15
Added Pin To Net: NetName=NetIC?_15 Pin=Q?-1
Added Net: Name=NetIC?_15
Added Pin To Net: NetName=NetLabel136 Pin=Q?-2
Added Net: Name=NetLabel136
Added Pin To Net: NetName=PHGND Pin=J?-2
Added Pin To Net: NetName=PHGND Pin=J?-3
Added Pin To Net: NetName=PHGND Pin=Q?-2
Added Net: Name=PHGND
Added Pin To Net: NetName=TBGND Pin=J?-3
Added Pin To Net: NetName=TBGND Pin=Q?-2
Added Net: Name=TBGND
Added Pin To Net: NetName=TDSGND Pin=J?-1
Added Pin To Net: NetName=TDSGND Pin=Q?-2
Added Net: Name=TDSGND
Added Member To Class: ClassName=Controller Member=Component C? 0.33uf
Added Member To Class: ClassName=Controller Member=Component C? 870585574003
Added Member To Class: ClassName=Controller Member=Component C? CAP 22pF 50V 1206(3216)
Added Member To Class: ClassName=Controller Member=Component C? 0.1uf
Added Member To Class: ClassName=Controller Member=Component IC? 74HC595D,118
Added Member To Class: ClassName=Controller Member=Component J? Switch
Added Member To Class: ClassName=Controller Member=Component J? Battery
Added Member To Class: ClassName=Controller Member=Component J? Buck In
Added Member To Class: ClassName=Controller Member=Component J? B3B-XH-A(LF)(SN)
Added Member To Class: ClassName=Controller Member=Component J? B3B-XH-A(LF)(SN)
Added Member To Class: ClassName=Controller Member=Component J? B3B-XH-A(LF)(SN)
Added Member To Class: ClassName=Controller Member=Component J? Buck out
Added Member To Class: ClassName=Controller Member=Component J? Programmer
Added Member To Class: ClassName=Controller Member=Component J? B6B-XH-A(LF)(SN)
Added Member To Class: ClassName=Controller Member=Component J? B3B-XH-A(LF)(SN)
Added Member To Class: ClassName=Controller Member=Component J? B6B-XH-A(LF)(SN)
Added Member To Class: ClassName=Controller Member=Component Q? IRLZ44NSTRLPBF
Added Member To Class: ClassName=Controller Member=Component Q? IRLZ44NSTRLPBF
Added Member To Class: ClassName=Controller Member=Component Q? IRLZ44NSTRLPBF
Added Member To Class: ClassName=Controller Member=Component R? 10k 5%
Added Member To Class: ClassName=Controller Member=Component R? 150 1%
Added Member To Class: ClassName=Controller Member=Component R? 10k 5%
Added Member To Class: ClassName=Controller Member=Component R? 10k 5%
Added Member To Class: ClassName=Controller Member=Component R? 330 5%
Added Member To Class: ClassName=Controller Member=Component S? B3F-5050
Added Member To Class: ClassName=Controller Member=Component S? B3F-5050
