Removed Pin From Net: NetName=NetR?_1 Pin=SW?-2
Removed Pin From Net: NetName=RESET Pin=SW?-3
Change Component Footprint: Designator=SW? Old Footprint=TECO-1825910-6_V New Footprint=FP-1825967-2-MFG
Change Component Comment : Designator=SW? Old Comment=1825910-6 New Comment=1825967-2
Change Managed Component Library Link : Designator=SW? Old VaultGUID=B7D15EC3-160A-466F-A46C-7801FE6295A7 New VaultGUID=B7D15EC3-160A-466F-A46C-7801FE6295A7 Old ItemGUID=9D672B88-308C-4BE1-ABC8-14BA635D9EFE New ItemGUID=116D38D7-DA37-4447-A8EA-739738FBC631 Old RevisionGUID=1A7C09F2-A786-4D53-8E36-0B0D6FD96266 New RevisionGUID=72819DD2-5096-4C78-A7BD-8A5D32CC8645
Change component parameters: Designator = "SW?" ("SW?"); Footprint = "TECO-1825910-6_V"; UniqueID = "\DYNXQSFF" ("\DYNXQSFF")
Change component parameters (AddParameter): Name = "Actuator Length"; Value = "2.89mm"; VariantName = "[No Variations]"
Change component parameters (AddParameter): Name = "Actuator Material"; Value = "Nylon"; VariantName = "[No Variations]"
Change component parameters (AddParameter): Name = "Contact Current Rating"; Value = "50mA"; VariantName = "[No Variations]"
Change component parameters (AddParameter): Name = "Contact Material"; Value = "Copper Alloy"; VariantName = "[No Variations]"
Change component parameters (AddParameter): Name = "Contact Plating"; Value = "Silver"; VariantName = "[No Variations]"
Change component parameters (AddParameter): Name = "Contact Resistance"; Value = "100mR"; VariantName = "[No Variations]"
Change component parameters (AddParameter): Name = "Current Rating"; Value = "50mA"; VariantName = "[No Variations]"
Change component parameters (AddParameter): Name = "Electrical Life"; Value = "500000Cycles"; VariantName = "[No Variations]"
Change component parameters (AddParameter): Name = "Height"; Value = "7.5mm"; VariantName = "[No Variations]"
Change component parameters (AddParameter): Name = "Illumination Type"; Value = "Non-Illuminated"; VariantName = "[No Variations]"
Change component parameters (AddParameter): Name = "Length"; Value = "5.99mm"; VariantName = "[No Variations]"
Change component parameters (AddParameter): Name = "Max Current Rating"; Value = "50mA"; VariantName = "[No Variations]"
Change component parameters (AddParameter): Name = "Max Operating Temperature"; Value = "105°C"; VariantName = "[No Variations]"
Change component parameters (AddParameter): Name = "Max Voltage Rating (DC)"; Value = "24V"; VariantName = "[No Variations]"
Change component parameters (AddParameter): Name = "Mechanical Life"; Value = "500000Cycles"; VariantName = "[No Variations]"
Change component parameters (AddParameter): Name = "Min Operating Temperature"; Value = "-35°C"; VariantName = "[No Variations]"
Change component parameters (AddParameter): Name = "Mount"; Value = "Through Hole"; VariantName = "[No Variations]"
Change component parameters (AddParameter): Name = "Operating Force"; Value = "160gf"; VariantName = "[No Variations]"
Change component parameters (AddParameter): Name = "Orientation"; Value = "Straight"; VariantName = "[No Variations]"
Change component parameters (AddParameter): Name = "Package Quantity"; Value = "750"; VariantName = "[No Variations]"
Change component parameters (AddParameter): Name = "Packaging"; Value = "Loose Piece"; VariantName = "[No Variations]"
Change component parameters (AddParameter): Name = "Radiation Hardening"; Value = "No"; VariantName = "[No Variations]"
Change component parameters (AddParameter): Name = "RoHS Compliant"; Value = "Yes"; VariantName = "[No Variations]"
Change component parameters (AddParameter): Name = "Series"; Value = "FSMCD, Alcoswitch"; VariantName = "[No Variations]"
Change component parameters (AddParameter): Name = "Switch Function"; Value = "Off-Mom"; VariantName = "[No Variations]"
Change component parameters (AddParameter): Name = "Switch Travel"; Value = "0.25mm"; VariantName = "[No Variations]"
Change component parameters (AddParameter): Name = "Termination"; Value = "PC Pins"; VariantName = "[No Variations]"
Change component parameters (AddParameter): Name = "Throw Configuration"; Value = "SPST"; VariantName = "[No Variations]"
Change component parameters (AddParameter): Name = "Type"; Value = "Switch"; VariantName = "[No Variations]"
Change component parameters (AddParameter): Name = "Voltage Rating (DC)"; Value = "24V"; VariantName = "[No Variations]"
Added Pin To Net: NetName=RESET Pin=SW?-2
Added Pin To Net: NetName=NetR?_1 Pin=SW?-3
Add Net: Net with name "NetC?_2" already exists
Add Net: Net with name "NetLED?_1" already exists
Add Net: Net with name "NetR?_1" already exists
Added Member To Class: ClassName=Controller Member=Component C? CAP 22pF 50V 1206(3216)
Added Member To Class: ClassName=Controller Member=Component C? CAP 22pF 50V 1206(3216)
Added Member To Class: ClassName=Controller Member=Component J? Display 2
Added Member To Class: ClassName=Controller Member=Component J? Display 1
Added Member To Class: ClassName=Controller Member=Component J? NRPN031PAEN-RC
Added Member To Class: ClassName=Controller Member=Component LED? 599-0410-127F
Added Member To Class: ClassName=Controller Member=Component R? ERJ-8GEYJ103V
Added Member To Class: ClassName=Controller Member=Component R? CRCW1206330RFKEA
Added Member To Class: ClassName=Controller Member=Component R? 10K
