Removed Pin From Net: NetName=NetC?_2 Pin=C?-2
Removed Pin From Net: NetName=NetC?_2 Pin=U?-9
Removed Pin From Net: NetName=NetC?_2 Pin=Y?-2
Change Component Comment : Designator=Y? Old Comment=LFXTAL036391Bulk New Comment=16MHz Crystal Oscillator
Change component parameters: Designator = "C?" ("C?"); Footprint = "CAPC1206(3216)100_N"; UniqueID = "\AUGSJDNV" ("\AUGSJDNV")
Change component parameters (AddParameter): Name = "Case-EIA"; Value = "1206"; VariantName = "[No Variations]"
Change component parameters (AddParameter): Name = "Case-Metric"; Value = "3216"; VariantName = "[No Variations]"
Change component parameters (AddParameter): Name = "Max Thickness"; Value = "1 mm"; VariantName = "[No Variations]"
Change component parameters (AddParameter): Name = "Rated Voltage"; Value = "50 V"; VariantName = "[No Variations]"
Change component parameters (AddParameter): Name = "Technology"; Value = "SMT"; VariantName = "[No Variations]"
Change component parameters (AddParameter): Name = "Tolerance"; Value = "±1%"; VariantName = "[No Variations]"
Change component parameters (AddParameter): Name = "TronicLk"; Value = "https://tronic.lk/product/22uf-16v-tantalum-capacitor-smd-1206"; VariantName = "[No Variations]"
Change component parameters (AddParameter): Name = "Value"; Value = "22pF"; VariantName = "[No Variations]"
Change component parameters: Designator = "Y?" ("Y?"); Footprint = "LFXTAL036391Bulk"; UniqueID = "\KXCCLOOS" ("\KXCCLOOS")
Change component parameters (AddParameter): Name = "Arrow Part Number"; Value = ""; VariantName = "[No Variations]"
Change component parameters (AddParameter): Name = "Arrow Price/Stock"; Value = ""; VariantName = "[No Variations]"
Change component parameters (AddParameter): Name = "Datasheet Link"; Value = "https://componentsearchengine.com/Datasheets/1/LFXTAL036391Bulk.pdf"; VariantName = "[No Variations]"
Change component parameters (AddParameter): Name = "Height"; Value = "4.1mm"; VariantName = "[No Variations]"
Change component parameters (AddParameter): Name = "Manufacturer_Name"; Value = "IQD"; VariantName = "[No Variations]"
Change component parameters (AddParameter): Name = "Manufacturer_Part_Number"; Value = "LFXTAL036391Bulk"; VariantName = "[No Variations]"
Change component parameters (AddParameter): Name = "Mouser Part Number"; Value = "449-LFXTAL036391BULK"; VariantName = "[No Variations]"
Change component parameters (AddParameter): Name = "Mouser Price/Stock"; Value = "https://www.mouser.co.uk/ProductDetail/IQD/LFXTAL036391Bulk?qs=e4%2FAndAAwgLVSm%2FKWOsYLg%3D%3D"; VariantName = "[No Variations]"
Change component parameters (AddParameter): Name = "Tronic Lk"; Value = "https://tronic.lk/product/16mhz-crystal-oscillator"; VariantName = "[No Variations]"
Added Pin To Net: NetName=NetC?_2 Pin=C?-2
Added Pin To Net: NetName=NetC?_2 Pin=U?-10
Added Pin To Net: NetName=NetC?_2 Pin=Y?-2
Add Net: Net with name "NetC?_2" already exists
Added Member To Class: ClassName=Controller Member=Component C? CAP 22pF 50V 1206(3216)
Added Member To Class: ClassName=Controller Member=Component C? CAP 22pF 50V 1206(3216)
Added Member To Class: ClassName=Controller Member=Component C? 870585574003
Added Member To Class: ClassName=Controller Member=Component C? 0.33uf
Added Member To Class: ClassName=Controller Member=Component J? Display 1
Added Member To Class: ClassName=Controller Member=Component J? NRPN031PAEN-RC
Added Member To Class: ClassName=Controller Member=Component J? Display 2
Added Member To Class: ClassName=Controller Member=Component R? 10K 1/4W 1%
Added Member To Class: ClassName=Controller Member=Component R? 10K 1/4W 5%
Added Member To Class: ClassName=Controller Member=Component R? 330 1/4W 5%
