Added Component: Designator=J?(B2BXHAMLFSN)
Add component (AddParameter): Name = "Arrow Part Number"; Value = "B2B-XH-AM(LF)(SN)"; VariantName = "[No Variations]"
Add component (AddParameter): Name = "Arrow Price/Stock"; Value = "https://www.arrow.com/en/products/b2b-xh-am-lf-sn/jst-manufacturing?region=europe"; VariantName = "[No Variations]"
Add component (AddParameter): Name = "Datasheet Link"; Value = "https://www.jst-mfg.com/product/pdf/eng/eXH.pdf"; VariantName = "[No Variations]"
Add component (AddParameter): Name = "Height"; Value = "7mm"; VariantName = "[No Variations]"
Add component (AddParameter): Name = "Manufacturer_Name"; Value = "JST (JAPAN SOLDERLESS TERMINALS)"; VariantName = "[No Variations]"
Add component (AddParameter): Name = "Manufacturer_Part_Number"; Value = "B2B-XH-AM(LF)(SN)"; VariantName = "[No Variations]"
Add component (AddParameter): Name = "Mouser Part Number"; Value = ""; VariantName = "[No Variations]"
Add component (AddParameter): Name = "Mouser Price/Stock"; Value = ""; VariantName = "[No Variations]"
Added Pin To Net: NetName=NetJ?_1 Pin=J?-1
Added Pin To Net: NetName=NetJ?_1 Pin=M?-4
Added Net: Name=NetJ?_1
Added Pin To Net: NetName=NetJ?_2 Pin=J?-2
Added Pin To Net: NetName=NetJ?_2 Pin=M?-5
Added Net: Name=NetJ?_2
Added Member To Class: ClassName=Controller Member=Component C? CAP 22pF 50V 1206(3216)
Added Member To Class: ClassName=Controller Member=Component C? 870585574003
Added Member To Class: ClassName=Controller Member=Component C? 0.33uf
Added Member To Class: ClassName=Controller Member=Component J? NRPN031PAEN-RC
Added Member To Class: ClassName=Controller Member=Component J? B2B-XH-AM_LF__SN_
Added Member To Class: ClassName=Controller Member=Component J? Display 2
Added Member To Class: ClassName=Controller Member=Component J? Display 1
Added Member To Class: ClassName=Controller Member=Component R? 10K 1/4W 1%
Added Member To Class: ClassName=Controller Member=Component R? 10K 1/4W 5%
Added Member To Class: ClassName=Controller Member=Component R? 330 1/4W 5%
