Removed Pin From Net: NetName=+5V Pin=C?-1
Removed Pin From Net: NetName=RESET Pin=C?-2
Change Component Footprint: Designator=C? Old Footprint=FP-VY1472M63Y5UQ6TV0-MFG New Footprint=FP-F102K43Y5RP6UK5R-MFG
Change Component Footprint: Designator=C? Old Footprint=FP-VY1472M63Y5UQ6TV0-MFG New Footprint=FP-VY2222M35Y5US6TV7-MFG
Change Component Comment : Designator=C? Old Comment=0.1uf New Comment=F102K43Y5RP6UK5R
Change Component Comment : Designator=C? Old Comment=VY2222M35Y5US6TV7 New Comment=0.1uf
Change Managed Component Library Link : Designator=C? Old VaultGUID=B7D15EC3-160A-466F-A46C-7801FE6295A7 New VaultGUID=B7D15EC3-160A-466F-A46C-7801FE6295A7 Old ItemGUID=7E591D3B-965B-4A73-BDD7-AC5915078084 New ItemGUID=7C579F95-AB82-4B82-B0EB-E0598CE3601B Old RevisionGUID=C18E2B89-5B2F-4648-B59D-4A3BC9CDC799 New RevisionGUID=8CC68952-B45A-4C30-8A25-8051D6E55431
Change Managed Component Library Link : Designator=C? Old VaultGUID=B7D15EC3-160A-466F-A46C-7801FE6295A7 New VaultGUID=B7D15EC3-160A-466F-A46C-7801FE6295A7 Old ItemGUID=7E591D3B-965B-4A73-BDD7-AC5915078084 New ItemGUID=55219F2D-28D0-43F3-943B-E8EB49A7CFCA Old RevisionGUID=C18E2B89-5B2F-4648-B59D-4A3BC9CDC799 New RevisionGUID=5F8C53BC-814B-4921-B4B5-DBBADF6F0E25
Change component parameters: Designator = "C?" ("C?"); Footprint = "FP-VY1472M63Y5UQ6TV0-MFG"; UniqueID = "\ZPPIVFVG" ("\ZPPIVFVG")
Change component parameters (AddParameter): Name = "Capacitance"; Value = "2.2nF"; VariantName = "[No Variations]"
Change component parameters (AddParameter): Name = "Case/Package"; Value = "Radial"; VariantName = "[No Variations]"
Change component parameters (AddParameter): Name = "Composition"; Value = "Ceramic"; VariantName = "[No Variations]"
Change component parameters (AddParameter): Name = "Depth"; Value = "5mm"; VariantName = "[No Variations]"
Change component parameters (AddParameter): Name = "Diameter"; Value = "9mm"; VariantName = "[No Variations]"
Change component parameters (AddParameter): Name = "Dielectric"; Value = "Y5U"; VariantName = "[No Variations]"
Change component parameters (AddParameter): Name = "Dissipation Factor"; Value = "2.5%"; VariantName = "[No Variations]"
Change component parameters (AddParameter): Name = "Height"; Value = "12mm"; VariantName = "[No Variations]"
Change component parameters (AddParameter): Name = "Height - Seated (Max)"; Value = "13.0048mm"; VariantName = "[No Variations]"
Change component parameters (AddParameter): Name = "Lead Diameter"; Value = "600µm"; VariantName = "[No Variations]"
Change component parameters (AddParameter): Name = "Lead Free"; Value = "Lead Free"; VariantName = "[No Variations]"
Change component parameters (AddParameter): Name = "Lead Pitch"; Value = "7.5mm"; VariantName = "[No Variations]"
Change component parameters (AddParameter): Name = "Lead/Base Style"; Value = "Kinked"; VariantName = "[No Variations]"
Change component parameters (AddParameter): Name = "Material"; Value = "Ceramic"; VariantName = "[No Variations]"
Change component parameters (AddParameter): Name = "Max Operating Temperature"; Value = "125°C"; VariantName = "[No Variations]"
Change component parameters (AddParameter): Name = "Min Operating Temperature"; Value = "-40°C"; VariantName = "[No Variations]"
Change component parameters (AddParameter): Name = "Mount"; Value = "Through Hole"; VariantName = "[No Variations]"
Change component parameters (AddParameter): Name = "NexarPartId"; Value = "44033212"; VariantName = "[No Variations]"
Change component parameters (AddParameter): Name = "Radiation Hardening"; Value = "No"; VariantName = "[No Variations]"
Change component parameters (AddParameter): Name = "REACH SVHC"; Value = "Unknown"; VariantName = "[No Variations]"
Change component parameters (AddParameter): Name = "RoHS"; Value = "Compliant"; VariantName = "[No Variations]"
Change component parameters (AddParameter): Name = "Schedule B"; Value = "8532230060, 8532230060"; VariantName = "[No Variations]"
Change component parameters (AddParameter): Name = "Termination"; Value = "Radial"; VariantName = "[No Variations]"
Change component parameters (AddParameter): Name = "Thickness"; Value = "5mm"; VariantName = "[No Variations]"
Change component parameters (AddParameter): Name = "Tolerance"; Value = "20%"; VariantName = "[No Variations]"
Change component parameters (AddParameter): Name = "Voltage"; Value = "250V"; VariantName = "[No Variations]"
Change component parameters (AddParameter): Name = "Voltage Rating"; Value = "1kV"; VariantName = "[No Variations]"
Change component parameters (AddParameter): Name = "Voltage Rating (AC)"; Value = "300V"; VariantName = "[No Variations]"
Change component parameters: Designator = "C?" ("C?"); Footprint = "FP-VY1472M63Y5UQ6TV0-MFG"; UniqueID = "\WWXODVWT" ("\WWXODVWT")
Change component parameters (AddParameter): Name = "Capacitance"; Value = "1nF"; VariantName = "[No Variations]"
Change component parameters (AddParameter): Name = "Case/Package"; Value = "Radial"; VariantName = "[No Variations]"
Change component parameters (AddParameter): Name = "Composition"; Value = "Ceramic"; VariantName = "[No Variations]"
Change component parameters (AddParameter): Name = "Depth"; Value = "5mm"; VariantName = "[No Variations]"
Change component parameters (AddParameter): Name = "Dielectric"; Value = "Y5R"; VariantName = "[No Variations]"
Change component parameters (AddParameter): Name = "Dielectric Material"; Value = "Ceramic"; VariantName = "[No Variations]"
Change component parameters (AddParameter): Name = "Height"; Value = "15.8mm"; VariantName = "[No Variations]"
Change component parameters (AddParameter): Name = "Insulation Resistance"; Value = "10GO"; VariantName = "[No Variations]"
Change component parameters (AddParameter): Name = "Lead Diameter"; Value = "800µm"; VariantName = "[No Variations]"
Change component parameters (AddParameter): Name = "Lead Pitch"; Value = "5mm"; VariantName = "[No Variations]"
Change component parameters (AddParameter): Name = "Lead/Base Style"; Value = "Kinked"; VariantName = "[No Variations]"
Change component parameters (AddParameter): Name = "Length"; Value = "11mm"; VariantName = "[No Variations]"
Change component parameters (AddParameter): Name = "Material"; Value = "Ceramic"; VariantName = "[No Variations]"
Change component parameters (AddParameter): Name = "Max Operating Temperature"; Value = "125°C"; VariantName = "[No Variations]"
Change component parameters (AddParameter): Name = "Min Operating Temperature"; Value = "-30°C"; VariantName = "[No Variations]"
Change component parameters (AddParameter): Name = "Mount"; Value = "Through Hole"; VariantName = "[No Variations]"
Change component parameters (AddParameter): Name = "NexarPartId"; Value = "44025813"; VariantName = "[No Variations]"
Change component parameters (AddParameter): Name = "Number of Pins"; Value = "2"; VariantName = "[No Variations]"
Change component parameters (AddParameter): Name = "Radiation Hardening"; Value = "No"; VariantName = "[No Variations]"
Change component parameters (AddParameter): Name = "REACH SVHC"; Value = "Unknown"; VariantName = "[No Variations]"
Change component parameters (AddParameter): Name = "RoHS"; Value = "Compliant"; VariantName = "[No Variations]"
Change component parameters (AddParameter): Name = "Schedule B"; Value = "8532230060, 8532230060"; VariantName = "[No Variations]"
Change component parameters (AddParameter): Name = "Termination"; Value = "Radial"; VariantName = "[No Variations]"
Change component parameters (AddParameter): Name = "Tolerance"; Value = "10%"; VariantName = "[No Variations]"
Change component parameters (AddParameter): Name = "Voltage"; Value = "2kV"; VariantName = "[No Variations]"
Change component parameters (AddParameter): Name = "Voltage Rating"; Value = "2kV"; VariantName = "[No Variations]"
Change component parameters (AddParameter): Name = "Voltage Rating (AC)"; Value = "2kV"; VariantName = "[No Variations]"
Change component parameters (AddParameter): Name = "Voltage Rating (DC)"; Value = "2kV"; VariantName = "[No Variations]"
Change component parameters (AddParameter): Name = "Width"; Value = "11mm"; VariantName = "[No Variations]"
Added Pin To Net: NetName=+5V Pin=C?-1
Added Pin To Net: NetName=RESET Pin=C?-2
Add Net: Net with name "NetC?_2" already exists
Added Member To Class: ClassName=Controller Member=Component C? CAP 22pF 50V 1206(3216)
Added Member To Class: ClassName=Controller Member=Component C? 0.33uf
Added Member To Class: ClassName=Controller Member=Component C? CAP 22pF 50V 1206(3216)
Added Member To Class: ClassName=Controller Member=Component C? F102K43Y5RP6UK5R
Added Member To Class: ClassName=Controller Member=Component C? 0.1uf
Added Member To Class: ClassName=Controller Member=Component J? Display 2
Added Member To Class: ClassName=Controller Member=Component J? NRPN031PAEN-RC
Added Member To Class: ClassName=Controller Member=Component J? Display 1
Added Member To Class: ClassName=Controller Member=Component R? 330 1/4W 5%
Added Member To Class: ClassName=Controller Member=Component R? 10K 1/4W 5%
Added Member To Class: ClassName=Controller Member=Component R? 10K 1/4W 1%
