Added Component: Designator=R?(INDAD1650W63L650D250)
Add component (AddParameter): Name = "Arrow Part Number"; Value = "HVR2500001005JA100"; VariantName = "[No Variations]"
Add component (AddParameter): Name = "Arrow Price/Stock"; Value = "https://www.arrow.com/en/products/hvr2500001005ja100/vishay"; VariantName = "[No Variations]"
Add component (AddParameter): Name = "Buy SL"; Value = "https://tronic.lk/product/10k-14w-resistor-pack-carbon-film-tht-5-approx-40pcs"; VariantName = "[No Variations]"
Add component (AddParameter): Name = "Datasheet Link"; Value = "https://componentsearchengine.com/Datasheets/2/HVR2500001005JA100.pdf"; VariantName = "[No Variations]"
Add component (AddParameter): Name = "Manufacturer_Name"; Value = "Vishay"; VariantName = "[No Variations]"
Add component (AddParameter): Name = "Manufacturer_Part_Number"; Value = "HVR2500001005JA100"; VariantName = "[No Variations]"
Add component (AddParameter): Name = "Mouser Part Number"; Value = "594-HVR2500001005JA1"; VariantName = "[No Variations]"
Add component (AddParameter): Name = "Mouser Price/Stock"; Value = "https://www.mouser.co.uk/ProductDetail/Vishay-BC-Components/HVR2500001005JA100/?qs=1Hpg7qxOs69nDAOGlch0Zw%3D%3D"; VariantName = "[No Variations]"
Added Pin To Net: NetName=NetR?_1 Pin=R?-1
Added Pin To Net: NetName=+5V Pin=R?-2
Add Net: Net with name "NetC?_2" already exists
Add Net: Net with name "NetLED?_1" already exists
Add Net: Net with name "NetR?_1" already exists
Added Member To Class: ClassName=Controller Member=Component C? CAP 22pF 50V 1206(3216)
Added Member To Class: ClassName=Controller Member=Component C? CAP 22pF 50V 1206(3216)
Added Member To Class: ClassName=Controller Member=Component J? NRPN031PAEN-RC
Added Member To Class: ClassName=Controller Member=Component J? Display 2
Added Member To Class: ClassName=Controller Member=Component J? Display 1
Added Member To Class: ClassName=Controller Member=Component LED? 599-0410-127F
Added Member To Class: ClassName=Controller Member=Component R? 10K 1/4W 5%
Added Member To Class: ClassName=Controller Member=Component R? CF18JT2K20
Added Member To Class: ClassName=Controller Member=Component R? 10K
Added Member To Class: ClassName=Controller Member=Component R? 1k
Added Member To Class: ClassName=Controller Member=Component R? CRCW1206330RFKEA
