Change Component Footprint: Designator=R? Old Footprint=FP-CF18-MFG New Footprint=RESC0805(2012)_L
Change Component Comment : Designator=R? Old Comment=CF18JT2K20 New Comment=1KR5J
Change Managed Component Library Link : Designator=R? Old VaultGUID=B7D15EC3-160A-466F-A46C-7801FE6295A7 New VaultGUID=7D13D93D-59A5-456A-BFD1-471012702C49 Old ItemGUID=8B688DC4-10BE-4234-BFB5-652C9EFE92B0 New ItemGUID=623C066C-4F98-4AFE-A55F-35D414C567FF Old RevisionGUID=11AC5996-5E21-45BB-9A53-1C92DDE2C5E0 New RevisionGUID=9F426AC4-5EFD-44E6-9925-A8DC5F769F99
Change component parameters: Designator = "R?" ("R?"); Footprint = "FP-CF18-MFG"; UniqueID = "\KSXQUMRZ" ("\KSXQUMRZ")
Change component parameters (AddParameter): Name = "Case/Package"; Value = "0805"; VariantName = "[No Variations]"
Change component parameters (AddParameter): Name = "Max Operating Temperature"; Value = ""; VariantName = "[No Variations]"
Change component parameters (AddParameter): Name = "Min Operating Temperature"; Value = ""; VariantName = "[No Variations]"
Change component parameters (AddParameter): Name = "Mounting Technology"; Value = "SMT"; VariantName = "[No Variations]"
Change component parameters (AddParameter): Name = "Pins"; Value = "2"; VariantName = "[No Variations]"
Change component parameters (AddParameter): Name = "Power"; Value = "125mW"; VariantName = "[No Variations]"
Change component parameters (AddParameter): Name = "RoHS Compliant"; Value = ""; VariantName = "[No Variations]"
Change component parameters (AddParameter): Name = "Tolerance"; Value = "5%"; VariantName = "[No Variations]"
Change component parameters (AddParameter): Name = "Value"; Value = "1k"; VariantName = "[No Variations]"
Change component parameters (AddParameter): Name = "Voltage Rating"; Value = ""; VariantName = "[No Variations]"
Add Net: Net with name "NetC?_2" already exists
Add Net: Net with name "NetLED?_1" already exists
Add Net: Net with name "NetR?_1" already exists
Added Member To Class: ClassName=Controller Member=Component C? CAP 22pF 50V 1206(3216)
Added Member To Class: ClassName=Controller Member=Component C? CAP 22pF 50V 1206(3216)
Added Member To Class: ClassName=Controller Member=Component J? NRPN031PAEN-RC
Added Member To Class: ClassName=Controller Member=Component J? Display 2
Added Member To Class: ClassName=Controller Member=Component J? Display 1
Added Member To Class: ClassName=Controller Member=Component LED? 599-0410-127F
Added Member To Class: ClassName=Controller Member=Component R? 1k
Added Member To Class: ClassName=Controller Member=Component R? CRCW1206330RFKEA
Added Member To Class: ClassName=Controller Member=Component R? 10K
Added Member To Class: ClassName=Controller Member=Component R? 10K 1/4W 5%
