Removed Pin From Net: NetName=+5V Pin=C?-1
Removed Pin From Net: NetName=RESET Pin=C?-2
Removed Pin From Net: NetName=+5V Pin=IC?-3
Change Component Footprint: Designator=C? Old Footprint=FP-VY2222M35Y5US6TV7-MFG New Footprint=CAPPRD200W60D525H1250
Change Component Comment : Designator=C? Old Comment=UFG1HR33MDM1TD New Comment=0.33uf
Change Managed Component Library Link : Designator=C? Old VaultGUID=B7D15EC3-160A-466F-A46C-7801FE6295A7 New VaultGUID= Old ItemGUID=7C579F95-AB82-4B82-B0EB-E0598CE3601B New ItemGUID= Old RevisionGUID=8CC68952-B45A-4C30-8A25-8051D6E55431 New RevisionGUID=
Change component parameters: Designator = "C?" ("C?"); Footprint = "FP-VY2222M35Y5US6TV7-MFG"; UniqueID = "\VDIRMRFV" ("\VDIRMRFV")
Change component parameters (AddParameter): Name = "Arrow Part Number"; Value = ""; VariantName = "[No Variations]"
Change component parameters (AddParameter): Name = "Arrow Price/Stock"; Value = ""; VariantName = "[No Variations]"
Change component parameters (AddParameter): Name = "Datasheet Link"; Value = "http://nichicon-us.com/english/products/pdfs/e-ufg.pdf"; VariantName = "[No Variations]"
Change component parameters (AddParameter): Name = "Height"; Value = "12.5mm"; VariantName = "[No Variations]"
Change component parameters (AddParameter): Name = "Manufacturer_Name"; Value = "Nichicon"; VariantName = "[No Variations]"
Change component parameters (AddParameter): Name = "Manufacturer_Part_Number"; Value = "UFG1HR33MDM1TD"; VariantName = "[No Variations]"
Change component parameters (AddParameter): Name = "Mouser Part Number"; Value = "647-UFG1HR33MDM1TD"; VariantName = "[No Variations]"
Change component parameters (AddParameter): Name = "Mouser Price/Stock"; Value = "https://www.mouser.com/Search/Refine.aspx?Keyword=647-UFG1HR33MDM1TD"; VariantName = "[No Variations]"
Added Pin To Net: NetName=RESET Pin=C?-2
Add Net: Net with name "NetC?_1" already exists
Add Net: Net with name "NetC?_1" already exists
Added Member To Class: ClassName=Controller Member=Component C? 870585574003
Added Member To Class: ClassName=Controller Member=Component C? CAP 22pF 50V 1206(3216)
Added Member To Class: ClassName=Controller Member=Component C? 0.1uf
Added Member To Class: ClassName=Controller Member=Component J? Display 1
Added Member To Class: ClassName=Controller Member=Component J? NRPN031PAEN-RC
Added Member To Class: ClassName=Controller Member=Component J? Display 2
Added Member To Class: ClassName=Controller Member=Component R? 10K 1/4W 5%
Added Member To Class: ClassName=Controller Member=Component R? 330 1/4W 5%
Added Member To Class: ClassName=Controller Member=Component R? 10K 1/4W 1%
