Add Component: Footprint Not Found HDR 1×3 2.54mm
Add Pin To Net: Unknown Pin: Pin JP?-1
Add Pin To Net: Unknown Pin: Pin JP?-2
Add Pin To Net: Unknown Pin: Pin JP?-3
Added Member To Class: ClassName=Controller Member=Component C? CAP 22pF 50V 1206(3216)
Added Member To Class: ClassName=Controller Member=Component C? 0.33uf
Added Member To Class: ClassName=Controller Member=Component C? 870585574003
Added Member To Class: ClassName=Controller Member=Component J? B3B-XH-A(LF)(SN)
Added Member To Class: ClassName=Controller Member=Component J? Buzzer
Added Member To Class: ClassName=Controller Member=Component J? B3B-XH-A(LF)(SN)
Added Member To Class: ClassName=Controller Member=Component J? Buck In
Added Member To Class: ClassName=Controller Member=Component J? Programmer
Added Member To Class: ClassName=Controller Member=Component J? B3B-XH-A(LF)(SN)
Added Member To Class: ClassName=Controller Member=Component J? B6B-XH-A(LF)(SN)
Added Member To Class: ClassName=Controller Member=Component J? Buck out
Added Member To Class: ClassName=Controller Member=Component J? Switch
Added Member To Class: ClassName=Controller Member=Component J? B3B-XH-A(LF)(SN)
Added Member To Class: ClassName=Controller Member=Component J? Battery
Added Member To Class: ClassName=Controller Member=Component J? B6B-XH-A(LF)(SN)
Add Class Member: Failed to add class member : Component JP? HDR 3x1
Added Member To Class: ClassName=Controller Member=Component R? 330 5%
Added Member To Class: ClassName=Controller Member=Component R? 10k 5%
