Removed Pin From Net: NetName=POUT+ Pin=M?-3
Added Component: Designator=J?(B2BXHAMLFSN)
Add component (AddParameter): Name = "Arrow Part Number"; Value = "B2B-XH-AM(LF)(SN)"; VariantName = "[No Variations]"
Add component (AddParameter): Name = "Arrow Price/Stock"; Value = "https://www.arrow.com/en/products/b2b-xh-am-lf-sn/jst-manufacturing?region=europe"; VariantName = "[No Variations]"
Add component (AddParameter): Name = "Datasheet Link"; Value = "https://www.jst-mfg.com/product/pdf/eng/eXH.pdf"; VariantName = "[No Variations]"
Add component (AddParameter): Name = "Height"; Value = "7mm"; VariantName = "[No Variations]"
Add component (AddParameter): Name = "Manufacturer_Name"; Value = "JST (JAPAN SOLDERLESS TERMINALS)"; VariantName = "[No Variations]"
Add component (AddParameter): Name = "Manufacturer_Part_Number"; Value = "B2B-XH-AM(LF)(SN)"; VariantName = "[No Variations]"
Add component (AddParameter): Name = "Mouser Part Number"; Value = ""; VariantName = "[No Variations]"
Add component (AddParameter): Name = "Mouser Price/Stock"; Value = ""; VariantName = "[No Variations]"
Added Pin To Net: NetName=POUT+ Pin=J?-1
Added Pin To Net: NetName=+5V Pin=R?-2
Added Pin To Net: NetName=POUT+SW Pin=J?-2
Added Pin To Net: NetName=POUT+SW Pin=M?-3
Added Net: Name=POUT+SW
Added Member To Class: ClassName=Controller Member=Component C? 0.33uf
Added Member To Class: ClassName=Controller Member=Component C? CAP 22pF 50V 1206(3216)
Added Member To Class: ClassName=Controller Member=Component C? 870585574003
Added Member To Class: ClassName=Controller Member=Component J? B3B-XH-A(LF)(SN)
Added Member To Class: ClassName=Controller Member=Component J? Programmer
Added Member To Class: ClassName=Controller Member=Component J? B2B-XH-AM_LF__SN_
Added Member To Class: ClassName=Controller Member=Component J? B3B-XH-A(LF)(SN)
Added Member To Class: ClassName=Controller Member=Component J? B6B-XH-A(LF)(SN)
Added Member To Class: ClassName=Controller Member=Component J? B2B-XH-AM_LF__SN_
Added Member To Class: ClassName=Controller Member=Component J? B4B-XH-A(LF)(SN)
Added Member To Class: ClassName=Controller Member=Component M? TP4056Module
Added Member To Class: ClassName=Controller Member=Component R? 330 1/4W 5%
Added Member To Class: ClassName=Controller Member=Component R? 150 1/4W 1%
Added Member To Class: ClassName=Controller Member=Component R? 10K 1/4W 5%
