Removed Pin From Net: NetName=+5V Pin=J?-2
Removed Pin From Net: NetName=PD11/MOSI Pin=J?-3
Removed Pin From Net: NetName=PD13/SCK Pin=J?-4
Removed Pin From Net: NetName=RXD Pin=J?-6
Removed Pin From Net: NetName=GND Pin=J?-7
Removed Pin From Net: NetName=RESET Pin=J?-8
Change Footprint: Footprint Not Found MALE-2.54-6P
Change Component Comment : Designator=J? Old Comment=PBC04DAAN New Comment=MALE-2.54-6P
Change Managed Component Library Link : Designator=J? Old VaultGUID=B7D15EC3-160A-466F-A46C-7801FE6295A7 New VaultGUID= Old ItemGUID=75799801-CEB9-4A0C-8A38-B20F4172A6BE New ItemGUID= Old RevisionGUID=4D10E703-1FC4-4569-B80B-129B93F5FDE8 New RevisionGUID=
Change component parameters: Designator = "J?" ("J?"); Footprint = "FP-PBC04DAAN-MFG"; UniqueID = "\RUSEBECE" ("\RUSEBECE")
Change component parameters (AddParameter): Name = "JLCPCB PN"; Value = "C492405"; VariantName = "[No Variations]"
Added Pin To Net: NetName=PD11/MOSI Pin=J?-2
Added Pin To Net: NetName=PD13/SCK Pin=J?-3
Added Pin To Net: NetName=RXD Pin=J?-4
Added Pin To Net: NetName=RESET Pin=J?-6
Add Net: Net with name "NetC?_2" already exists
Add Net: Net with name "NetLED?_2" already exists
Add Net: Net with name "NetLED?_2" already exists
Add Net: Net with name "NetR?_2" already exists
Added Member To Class: ClassName=Controller Member=Component C? 0.33uf
Added Member To Class: ClassName=Controller Member=Component C? CAP 22pF 50V 1206(3216)
Added Member To Class: ClassName=Controller Member=Component C? 870585574003
Added Member To Class: ClassName=Controller Member=Component C? 0.1uf
Added Member To Class: ClassName=Controller Member=Component J? B3B-XH-A(LF)(SN)
Added Member To Class: ClassName=Controller Member=Component J? B3B-XH-A(LF)(SN)
Added Member To Class: ClassName=Controller Member=Component J? Buck out
Added Member To Class: ClassName=Controller Member=Component J? Buzzer
Added Member To Class: ClassName=Controller Member=Component J? MALE-2.54-6P
Added Member To Class: ClassName=Controller Member=Component J? B6B-XH-A(LF)(SN)
Added Member To Class: ClassName=Controller Member=Component J? B3B-XH-A(LF)(SN)
Added Member To Class: ClassName=Controller Member=Component J? Battery
Added Member To Class: ClassName=Controller Member=Component J? Buck In
Added Member To Class: ClassName=Controller Member=Component J? B3B-XH-A(LF)(SN)
Added Member To Class: ClassName=Controller Member=Component J? Switch
Added Member To Class: ClassName=Controller Member=Component J? B6B-XH-A(LF)(SN)
Added Member To Class: ClassName=Controller Member=Component LED? C4SMA-BGY-CR34Q4S1
Added Member To Class: ClassName=Controller Member=Component LED? LED SMD 0805
Added Member To Class: ClassName=Controller Member=Component Q? IRLZ44NSTRLPBF
Added Member To Class: ClassName=Controller Member=Component R? 10k 5%
Added Member To Class: ClassName=Controller Member=Component R? 330 5%
Added Member To Class: ClassName=Controller Member=Component R? 10k 5%
Added Member To Class: ClassName=Controller Member=Component R? 10k 5%
Added Member To Class: ClassName=Controller Member=Component R? 10k 5%
Added Member To Class: ClassName=Controller Member=Component R? 150 1%
Added Member To Class: ClassName=Controller Member=Component R? 330 5%
Added Member To Class: ClassName=Controller Member=Component S? B3F-5050
Added Member To Class: ClassName=Controller Member=Component S? B3F-5050
