Removed Pin From Net: NetName=RESET Pin=C?-2
Removed Pin From Net: NetName=NetLED?_2 Pin=R?-1
Removed Pin From Net: NetName=PD13 Pin=R?-1
Removed Pin From Net: NetName=+5V Pin=R?-2
Removed Pin From Net: NetName=PD13 Pin=R?-2
Change Component Footprint: Designator=C? Old Footprint=CAPPRD350W65D800H1300 New Footprint=CAPC3225X280N
Change Component Footprint: Designator=R? Old Footprint=RESAD1590W60L630D240 New Footprint=ERJ8ENF1000V
Change Component Footprint: Designator=R? Old Footprint=RESAD1590W60L630D240 New Footprint=ERJP08_(1206)
Change Component Footprint: Designator=R? Old Footprint=RESAD1590W60L630D240 New Footprint=ERJP08D1000V
Change Component Footprint: Designator=R? Old Footprint=RESAD1590W60L630D240 New Footprint=RESC3116X70N
Change Component Comment : Designator=R? Old Comment=10K 1/4W 5% New Comment=10k 5%
Change Component Comment : Designator=R? Old Comment=100 1/4W 5% New Comment=100 5%
Change Component Comment : Designator=R? Old Comment=150 1/4W 1% New Comment=330 5%
Change Component Comment : Designator=R? Old Comment=330 1/4W 5% New Comment=150 1%
Change Component Comment : Designator=C? Old Comment=870585574003 New Comment=220uf
Change component parameters: Designator = "C?" ("C?"); Footprint = "CAPPRD350W65D800H1300"; UniqueID = "\PAZBZOUY" ("\PAZBZOUY")
Change component parameters (AddParameter): Name = "Arrow Part Number"; Value = "CL32A227MQVNNNE"; VariantName = "[No Variations]"
Change component parameters (AddParameter): Name = "Arrow Price/Stock"; Value = "https://www.arrow.com/en/products/cl32a227mqvnnne/samsung-electro-mechanics"; VariantName = "[No Variations]"
Change component parameters (AddParameter): Name = "Datasheet Link"; Value = "https://datasheet.datasheetarchive.com/originals/distributors/Datasheets-DGA10/2407437.pdf"; VariantName = "[No Variations]"
Change component parameters (AddParameter): Name = "Height"; Value = "2.8mm"; VariantName = "[No Variations]"
Change component parameters (AddParameter): Name = "Manufacturer_Name"; Value = "SAMSUNG"; VariantName = "[No Variations]"
Change component parameters (AddParameter): Name = "Manufacturer_Part_Number"; Value = "CL32A227MQVNNNE"; VariantName = "[No Variations]"
Change component parameters (AddParameter): Name = "Mouser Part Number"; Value = "187-CL32A227MQVNNNE"; VariantName = "[No Variations]"
Change component parameters (AddParameter): Name = "Mouser Price/Stock"; Value = "https://www.mouser.co.uk/ProductDetail/Samsung-Electro-Mechanics/CL32A227MQVNNNE?qs=B7MziPidxEj%252BvbA1ah6XUw%3D%3D"; VariantName = "[No Variations]"
Change component parameters: Designator = "R?" ("R?"); Footprint = "RESAD1590W60L630D240"; UniqueID = "\ITWLQSBC" ("\ITWLQSBC")
Change component parameters (AddParameter): Name = "Arrow Part Number"; Value = "ERJ-8ENF1500V"; VariantName = "[No Variations]"
Change component parameters (AddParameter): Name = "Arrow Price/Stock"; Value = "https://www.arrow.com/en/products/erj-8enf1500v/panasonic?region=nac"; VariantName = "[No Variations]"
Change component parameters (AddParameter): Name = "Datasheet Link"; Value = "https://industrial.panasonic.com/cdbs/www-data/pdf/RDA0000/AOA0000C86.pdf"; VariantName = "[No Variations]"
Change component parameters (AddParameter): Name = "Height"; Value = "0.7mm"; VariantName = "[No Variations]"
Change component parameters (AddParameter): Name = "Manufacturer_Name"; Value = "Panasonic"; VariantName = "[No Variations]"
Change component parameters (AddParameter): Name = "Manufacturer_Part_Number"; Value = "ERJ-8ENF1500V"; VariantName = "[No Variations]"
Change component parameters (AddParameter): Name = "Mouser Part Number"; Value = "667-ERJ-8ENF1500V"; VariantName = "[No Variations]"
Change component parameters (AddParameter): Name = "Mouser Price/Stock"; Value = "https://www.mouser.co.uk/ProductDetail/Panasonic/ERJ-8ENF1500V?qs=JjxTDIFmKPTW8QBP1YAtHw%3D%3D"; VariantName = "[No Variations]"
Change component parameters: Designator = "R?" ("R?"); Footprint = "RESAD1590W60L630D240"; UniqueID = "\OPJOYWTS" ("\OPJOYWTS")
Change component parameters (AddParameter): Name = "Arrow Part Number"; Value = "ERJ-8GEYJ103V"; VariantName = "[No Variations]"
Change component parameters (AddParameter): Name = "Arrow Price/Stock"; Value = "https://www.arrow.com/en/products/erj-8geyj103v/panasonic?region=nac"; VariantName = "[No Variations]"
Change component parameters (AddParameter): Name = "Datasheet Link"; Value = "https://4donline.ihs.com/images/VipMasterIC/IC/PANA/PANA-S-A0009891627/PANA-S-A0009891627-1.pdf?hkey=52A5661711E402568146F3353EA87419"; VariantName = "[No Variations]"
Change component parameters (AddParameter): Name = "Height"; Value = "0.7mm"; VariantName = "[No Variations]"
Change component parameters (AddParameter): Name = "Manufacturer_Name"; Value = "Panasonic"; VariantName = "[No Variations]"
Change component parameters (AddParameter): Name = "Manufacturer_Part_Number"; Value = "ERJ-8GEYJ103V"; VariantName = "[No Variations]"
Change component parameters (AddParameter): Name = "Mouser Part Number"; Value = "667-ERJ-8GEYJ103V"; VariantName = "[No Variations]"
Change component parameters (AddParameter): Name = "Mouser Price/Stock"; Value = "https://www.mouser.co.uk/ProductDetail/Panasonic/ERJ-8GEYJ103V?qs=IZrxGxQQvkNYuW0TYiASIA%3D%3D"; VariantName = "[No Variations]"
Change component parameters: Designator = "R?" ("R?"); Footprint = "RESAD1590W60L630D240"; UniqueID = "\FWEFEYJG" ("\FWEFEYJG")
Change component parameters (AddParameter): Name = "Arrow Part Number"; Value = ""; VariantName = "[No Variations]"
Change component parameters (AddParameter): Name = "Arrow Price/Stock"; Value = ""; VariantName = "[No Variations]"
Change component parameters (AddParameter): Name = "Datasheet Link"; Value = "http://industrial.panasonic.com/cdbs/www-data/pdf/RDA0000/AOA0000C102.pdf"; VariantName = "[No Variations]"
Change component parameters (AddParameter): Name = "Height"; Value = "0.7mm"; VariantName = "[No Variations]"
Change component parameters (AddParameter): Name = "Manufacturer_Name"; Value = "Panasonic"; VariantName = "[No Variations]"
Change component parameters (AddParameter): Name = "Manufacturer_Part_Number"; Value = "ERJP08J331V"; VariantName = "[No Variations]"
Change component parameters (AddParameter): Name = "Mouser Part Number"; Value = ""; VariantName = "[No Variations]"
Change component parameters (AddParameter): Name = "Mouser Price/Stock"; Value = ""; VariantName = "[No Variations]"
Change component parameters: Designator = "R?" ("R?"); Footprint = "RESAD1590W60L630D240"; UniqueID = "\UITDLXQL" ("\UITDLXQL")
Change component parameters (AddParameter): Name = "Arrow Part Number"; Value = "ERJ-P08J101V"; VariantName = "[No Variations]"
Change component parameters (AddParameter): Name = "Arrow Price/Stock"; Value = "https://www.arrow.com/en/products/erj-p08j101v/panasonic?region=nac"; VariantName = "[No Variations]"
Change component parameters (AddParameter): Name = "Datasheet Link"; Value = "http://industrial.panasonic.com/cdbs/www-data/pdf/RDO0000/AOA0000C331.pdf"; VariantName = "[No Variations]"
Change component parameters (AddParameter): Name = "Height"; Value = "0.7mm"; VariantName = "[No Variations]"
Change component parameters (AddParameter): Name = "Manufacturer_Name"; Value = "Panasonic"; VariantName = "[No Variations]"
Change component parameters (AddParameter): Name = "Manufacturer_Part_Number"; Value = "ERJ-P08J101V"; VariantName = "[No Variations]"
Change component parameters (AddParameter): Name = "Mouser Part Number"; Value = "667-ERJ-P08J101V"; VariantName = "[No Variations]"
Change component parameters (AddParameter): Name = "Mouser Price/Stock"; Value = "https://www.mouser.com/Search/Refine.aspx?Keyword=667-ERJ-P08J101V"; VariantName = "[No Variations]"
Added Pin To Net: NetName=RESET Pin=C?-1
Added Pin To Net: NetName=+5V Pin=R?-1
Added Pin To Net: NetName=PD13 Pin=R?-1
Added Pin To Net: NetName=NetLED?_2 Pin=R?-2
Added Pin To Net: NetName=PD13 Pin=R?-2
Add Net: Net with name "NetC?_2" already exists
Add Net: Net with name "NetJ?_1" already exists
Added Member To Class: ClassName=Controller Member=Component C? 0.33uf
Added Member To Class: ClassName=Controller Member=Component C? CAP 22pF 50V 1206(3216)
Added Member To Class: ClassName=Controller Member=Component C? 220uf
Added Member To Class: ClassName=Controller Member=Component J? B3B-XH-A(LF)(SN)
Added Member To Class: ClassName=Controller Member=Component J? B6B-XH-A(LF)(SN)
Added Member To Class: ClassName=Controller Member=Component J? Programmer
Added Member To Class: ClassName=Controller Member=Component J? B6B-XH-A(LF)(SN)
Added Member To Class: ClassName=Controller Member=Component J? B2B-XH-AM_LF__SN_
Added Member To Class: ClassName=Controller Member=Component J? B2B-XH-AM_LF__SN_
Added Member To Class: ClassName=Controller Member=Component J? B3B-XH-A(LF)(SN)
Added Member To Class: ClassName=Controller Member=Component J? B2B-XH-AM_LF__SN_
Added Member To Class: ClassName=Controller Member=Component J? B2B-XH-AM_LF__SN_
Added Member To Class: ClassName=Controller Member=Component J? B3B-XH-A(LF)(SN)
Added Member To Class: ClassName=Controller Member=Component J? B3B-XH-A(LF)(SN)
Added Member To Class: ClassName=Controller Member=Component M? TP4056Module
Added Member To Class: ClassName=Controller Member=Component R? 10k 5%
Added Member To Class: ClassName=Controller Member=Component R? 150 1%
Added Member To Class: ClassName=Controller Member=Component R? 100 5%
