Removed Pin From Net: NetName=+5V Pin=C?-1
Removed Pin From Net: NetName=GND Pin=C?-2
Removed Pin From Net: NetName=GND Pin=IC?-8
Removed Pin From Net: NetName=+5V Pin=IC?-10
Removed Pin From Net: NetName=PD10 Pin=IC?-11
Removed Pin From Net: NetName=PD11 Pin=IC?-12
Removed Pin From Net: NetName=GND Pin=IC?-13
Removed Pin From Net: NetName=PD12 Pin=IC?-14
Removed Pin From Net: NetName=+5V Pin=IC?-16
Removed Pin From Net: NetName=GND Pin=Q?-3
Removed Pin From Net: NetName=GND Pin=Q?-3
Added Pin To Net: NetName=PHGND Pin=J?-1
Added Pin To Net: NetName=PHGND Pin=J?-3
Added Pin To Net: NetName=PD10 Pin=Q?-1
Added Pin To Net: NetName=PD11 Pin=Q?-1
Change Net Name : Old Net Name=PHGND New Net Name=WGND
Added Pin To Net: NetName=DGND Pin=Q?-2
Added Net: Name=DGND
Added Member To Class: ClassName=Controller Member=Component C? CAP 22pF 50V 1206(3216)
Added Member To Class: ClassName=Controller Member=Component C? 0.33uf
Added Member To Class: ClassName=Controller Member=Component C? 870585574003
Added Member To Class: ClassName=Controller Member=Component J? B6B-XH-A(LF)(SN)
Added Member To Class: ClassName=Controller Member=Component J? Buck out
Added Member To Class: ClassName=Controller Member=Component J? Switch
Added Member To Class: ClassName=Controller Member=Component J? B3B-XH-A(LF)(SN)
Added Member To Class: ClassName=Controller Member=Component J? B3B-XH-A(LF)(SN)
Added Member To Class: ClassName=Controller Member=Component J? B3B-XH-A(LF)(SN)
Added Member To Class: ClassName=Controller Member=Component J? Buck In
Added Member To Class: ClassName=Controller Member=Component J? B6B-XH-A(LF)(SN)
Added Member To Class: ClassName=Controller Member=Component J? Battery
Added Member To Class: ClassName=Controller Member=Component J? B3B-XH-A(LF)(SN)
Added Member To Class: ClassName=Controller Member=Component J? Programmer
Added Member To Class: ClassName=Controller Member=Component Q? IRLZ44NSTRLPBF
Added Member To Class: ClassName=Controller Member=Component R? 10k 5%
Added Member To Class: ClassName=Controller Member=Component R? 10k 5%
Added Member To Class: ClassName=Controller Member=Component R? 330 5%
Added Member To Class: ClassName=Controller Member=Component R? 150 1%
Added Member To Class: ClassName=Controller Member=Component R? 10k 5%
Added Member To Class: ClassName=Controller Member=Component S? B3F-5050
Added Member To Class: ClassName=Controller Member=Component S? B3F-5050
