Change Component Footprint: Designator=R? Old Footprint=FP-CFR16-MFG New Footprint=FP-CF18-MFG
Change Component Comment : Designator=R? Old Comment=CFR16J120R New Comment=CF18JT10K0
Change Managed Component Library Link : Designator=R? Old VaultGUID=B7D15EC3-160A-466F-A46C-7801FE6295A7 New VaultGUID=B7D15EC3-160A-466F-A46C-7801FE6295A7 Old ItemGUID=B49C8C29-0CB5-4A59-8940-38D9E0A91C1E New ItemGUID=BC08C33D-CB15-43BD-82C1-FB5E03A949C2 Old RevisionGUID=EEA9F78A-13D8-405C-852C-994B56939607 New RevisionGUID=338F15C8-488B-4878-976E-509FD792CAA9
Change component parameters: Designator = "R?" ("R?"); Footprint = "FP-CFR16-MFG"; UniqueID = "\QXHSTMVG" ("\QXHSTMVG")
Change component parameters (AddParameter): Name = "Automotive"; Value = "No"; VariantName = "[No Variations]"
Change component parameters (AddParameter): Name = "Category"; Value = "Res"; VariantName = "[No Variations]"
Change component parameters (AddParameter): Name = "ComponentLink2Description"; Value = "Datasheet"; VariantName = "[No Variations]"
Change component parameters (AddParameter): Name = "ComponentLink2URL"; Value = "http://www.seielect.com/Catalog/SEI-CF_CFM.pdf"; VariantName = "[No Variations]"
Change component parameters (AddParameter): Name = "Composition"; Value = "Carbon Film"; VariantName = "[No Variations]"
Change component parameters (AddParameter): Name = "Device Class L1"; Value = "Passive Components"; VariantName = "[No Variations]"
Change component parameters (AddParameter): Name = "Device Class L2"; Value = "Resistors"; VariantName = "[No Variations]"
Change component parameters (AddParameter): Name = "Device Class L3"; Value = "Through-Hole Resistors"; VariantName = "[No Variations]"
Change component parameters (AddParameter): Name = "Digikey Description"; Value = "RES 10K OHM 1/8W 5% CF AXIAL"; VariantName = "[No Variations]"
Change component parameters (AddParameter): Name = "Height"; Value = "2mm"; VariantName = "[No Variations]"
Change component parameters (AddParameter): Name = "Ipc Land Pattern Name"; Value = "RESAD656W65L360D200"; VariantName = "[No Variations]"
Change component parameters (AddParameter): Name = "Lead Free"; Value = "Yes"; VariantName = "[No Variations]"
Change component parameters (AddParameter): Name = "Manufacturer"; Value = "Stackpole Electronics"; VariantName = "[No Variations]"
Change component parameters (AddParameter): Name = "Manufacturer Part Number"; Value = "CF18JT10K0"; VariantName = "[No Variations]"
Change component parameters (AddParameter): Name = "Octopart"; Value = "https://octopart.com/cf18jt10k0-stackpole+electronics-19205642"; VariantName = "[No Variations]"
Change component parameters (AddParameter): Name = "Package"; Value = "CF18"; VariantName = "[No Variations]"
Change component parameters (AddParameter): Name = "Power Rating"; Value = "0.125W"; VariantName = "[No Variations]"
Change component parameters (AddParameter): Name = "Resistance"; Value = "10kO"; VariantName = "[No Variations]"
Change component parameters (AddParameter): Name = "RoHS"; Value = "TRUE"; VariantName = "[No Variations]"
Change component parameters (AddParameter): Name = "Series"; Value = "CF"; VariantName = "[No Variations]"
Change component parameters (AddParameter): Name = "Temperature"; Value = "-55°C to +155°C"; VariantName = "[No Variations]"
Change component parameters (AddParameter): Name = "Temperature Coefficient"; Value = "0-500ppm/°C"; VariantName = "[No Variations]"
Change component parameters (AddParameter): Name = "Temperature Range High"; Value = "+155°C"; VariantName = "[No Variations]"
Change component parameters (AddParameter): Name = "Temperature Range Low"; Value = "-55°C"; VariantName = "[No Variations]"
Change component parameters (AddParameter): Name = "Tolerance"; Value = "5%"; VariantName = "[No Variations]"
Change component parameters (AddParameter): Name = "Value"; Value = "10kO"; VariantName = "[No Variations]"
Change component parameters (AddParameter): Name = "Voltage Rating"; Value = "250V"; VariantName = "[No Variations]"
Add Net: Net with name "NetC?_2" already exists
Add Net: Net with name "NetLED?_1" already exists
Add Net: Net with name "NetR?_1" already exists
Added Member To Class: ClassName=Controller Member=Component C? CAP 22pF 50V 1206(3216)
Added Member To Class: ClassName=Controller Member=Component C? CAP 22pF 50V 1206(3216)
Added Member To Class: ClassName=Controller Member=Component J? Display 2
Added Member To Class: ClassName=Controller Member=Component J? Display 1
Added Member To Class: ClassName=Controller Member=Component J? NRPN031PAEN-RC
Added Member To Class: ClassName=Controller Member=Component LED? 599-0410-127F
Added Member To Class: ClassName=Controller Member=Component R? 10K
Added Member To Class: ClassName=Controller Member=Component R? CF18JT10K0
Added Member To Class: ClassName=Controller Member=Component R? 1k
Added Member To Class: ClassName=Controller Member=Component R? CRCW1206330RFKEA
