Removed Pin From Net: NetName=RESET Pin=LED?-2
Removed Pin From Net: NetName=RESET Pin=LED?-2
Removed Pin From Net: NetName=+5V Pin=R?-2
Change Component Footprint: Designator=LED? Old Footprint=5990410127F New Footprint=LEDC2012X80N
Change Component Comment : Designator=LED? Old Comment=599-0410-127F New Comment=LED SMD 0805
Change component parameters: Designator = "LED?" ("LED?"); Footprint = "5990410127F"; UniqueID = "\TTKSTWKF" ("\TTKSTWKF")
Change component parameters (AddParameter): Name = "Arrow Part Number"; Value = "SML-LXT0805IW-TR"; VariantName = "[No Variations]"
Change component parameters (AddParameter): Name = "Arrow Price/Stock"; Value = "https://www.arrow.com/en/products/sml-lxt0805iw-tr/lumex"; VariantName = "[No Variations]"
Change component parameters (AddParameter): Name = "Datasheet Link"; Value = "http://uk.rs-online.com/web/p/products/8886313"; VariantName = "[No Variations]"
Change component parameters (AddParameter): Name = "Height"; Value = "0.8mm"; VariantName = "[No Variations]"
Change component parameters (AddParameter): Name = "Manufacturer_Name"; Value = "Lumex"; VariantName = "[No Variations]"
Change component parameters (AddParameter): Name = "Manufacturer_Part_Number"; Value = "SML-LXT0805IW-TR"; VariantName = "[No Variations]"
Change component parameters (AddParameter): Name = "Mouser Part Number"; Value = "696-SML-LXT0805IW"; VariantName = "[No Variations]"
Change component parameters (AddParameter): Name = "Mouser Price/Stock"; Value = "https://www.mouser.co.uk/ProductDetail/Lumex/SML-LXT0805IW-TR?qs=9HInCHf8eFgASaxWaq368w%3D%3D"; VariantName = "[No Variations]"
Added Pin To Net: NetName=RESET Pin=LED?-1
Add Net: Net with name "NetC?_2" already exists
Added Pin To Net: NetName=NetLED?_2 Pin=LED?-2
Added Pin To Net: NetName=NetLED?_2 Pin=R?-1
Added Net: Name=NetLED?_2
Added Member To Class: ClassName=Controller Member=Component C? CAP 22pF 50V 1206(3216)
Added Member To Class: ClassName=Controller Member=Component J? NRPN031PAEN-RC
Added Member To Class: ClassName=Controller Member=Component J? Display 1
Added Member To Class: ClassName=Controller Member=Component J? Display 2
Added Member To Class: ClassName=Controller Member=Component R? 10K 1/4W 5%
Added Member To Class: ClassName=Controller Member=Component R? 330 1/4W 5%
Added Member To Class: ClassName=Controller Member=Component R? 10K 1/4W 1%
