\BOOKMARK [1][-]{section.1}{\376\377\000I\000E\000\040\0008\0000\0002\000.\0003\000i\000\040\000p\000r\000o\000t\000o\000c\000o\000l\000\040\000\050\0001\0000\000B\000A\000S\000E\000-\000T\000\040\000s\000t\000a\000n\000d\000a\000r\000d\000\051}{}% 1
\BOOKMARK [2][-]{subsection.1.1}{\376\377\000I\000n\000t\000r\000o\000d\000u\000c\000t\000i\000o\000n}{section.1}% 2
\BOOKMARK [3][-]{subsubsection.1.1.1}{\376\377\000M\000e\000d\000i\000a\000\040\000A\000c\000c\000e\000s\000s\000\040\000c\000o\000n\000t\000r\000o\000l\000\050\000M\000A\000C\000\051\000\040\000s\000u\000b\000l\000a\000y\000e\000r}{subsection.1.1}% 3
\BOOKMARK [2][-]{subsection.1.2}{\376\377\000F\000r\000a\000m\000i\000n\000g}{section.1}% 4
\BOOKMARK [3][-]{subsubsection.1.2.1}{\376\377\000P\000r\000e\000a\000m\000b\000l\000e}{subsection.1.2}% 5
\BOOKMARK [3][-]{subsubsection.1.2.2}{\376\377\000S\000F\000D\000-\000S\000t\000a\000r\000t\000\040\000F\000r\000a\000m\000e\000\040\000D\000e\000l\000i\000m\000i\000t\000e\000r}{subsection.1.2}% 6
\BOOKMARK [3][-]{subsubsection.1.2.3}{\376\377\000A\000d\000d\000r\000e\000s\000s\000\040\000F\000i\000e\000l\000d\000s}{subsection.1.2}% 7
\BOOKMARK [3][-]{subsubsection.1.2.4}{\376\377\000L\000e\000n\000g\000t\000h\000/\000T\000y\000p\000e\000\040\000F\000i\000e\000l\000d}{subsection.1.2}% 8
\BOOKMARK [3][-]{subsubsection.1.2.5}{\376\377\000M\000A\000C\000\040\000C\000l\000i\000e\000n\000t\000\040\000D\000a\000t\000a\000\040\000f\000i\000e\000l\000d}{subsection.1.2}% 9
\BOOKMARK [3][-]{subsubsection.1.2.6}{\376\377\000P\000a\000d\000\040\000f\000i\000e\000l\000d}{subsection.1.2}% 10
\BOOKMARK [3][-]{subsubsection.1.2.7}{\376\377\000F\000r\000a\000m\000e\000\040\000C\000h\000e\000c\000k\000\040\000S\000e\000q\000u\000e\000n\000c\000e\000\050\000F\000C\000S\000\051\000\040\000f\000i\000e\000l\000d}{subsection.1.2}% 11
\BOOKMARK [2][-]{subsection.1.3}{\376\377\000A\000d\000d\000r\000e\000s\000s\000i\000n\000g}{section.1}% 12
\BOOKMARK [2][-]{subsection.1.4}{\376\377\000F\000l\000o\000w\000\040\000c\000o\000n\000t\000r\000o\000l}{section.1}% 13
\BOOKMARK [3][-]{subsubsection.1.4.1}{\376\377\000M\000A\000C\000\040\000c\000o\000n\000t\000r\000o\000l\000\040\000s\000u\000b\000l\000a\000y\000e\000r\000\040\000a\000n\000d\000\040\000M\000A\000C\000\040\000c\000o\000n\000t\000r\000o\000l\000\040\000f\000r\000a\000m\000e}{subsection.1.4}% 14
\BOOKMARK [3][-]{subsubsection.1.4.2}{\376\377\000P\000A\000U\000S\000E\000\040\000o\000p\000e\000r\000a\000t\000i\000o\000n}{subsection.1.4}% 15
\BOOKMARK [2][-]{subsection.1.5}{\376\377\000E\000r\000r\000o\000r\000\040\000c\000o\000n\000t\000r\000o\000l}{section.1}% 16
\BOOKMARK [2][-]{subsection.1.6}{\376\377\000L\000i\000n\000k\000\040\000M\000a\000n\000a\000g\000e\000m\000e\000n\000t\000\050\000M\000e\000d\000i\000a\000\040\000a\000c\000c\000e\000s\000s\000\040\000m\000a\000n\000a\000g\000e\000m\000e\000n\000t\000\051}{section.1}% 17
\BOOKMARK [1][-]{section.2}{\376\377\000P\000o\000i\000n\000t\000\040\000t\000o\000\040\000P\000o\000i\000n\000t\000\040\000P\000r\000o\000t\000o\000c\000o\000l\000\050\000P\000P\000P\000\051}{}% 18
\BOOKMARK [2][-]{subsection.2.1}{\376\377\000I\000n\000t\000r\000o\000d\000u\000c\000t\000i\000o\000n}{section.2}% 19
\BOOKMARK [2][-]{subsection.2.2}{\376\377\000F\000r\000a\000m\000i\000n\000g}{section.2}% 20
\BOOKMARK [3][-]{subsubsection.2.2.1}{\376\377\000F\000l\000a\000g\000\040\000f\000i\000e\000l\000d}{subsection.2.2}% 21
\BOOKMARK [3][-]{subsubsection.2.2.2}{\376\377\000A\000d\000d\000r\000e\000s\000s\000\040\000F\000i\000e\000l\000d}{subsection.2.2}% 22
\BOOKMARK [3][-]{subsubsection.2.2.3}{\376\377\000C\000o\000n\000t\000r\000o\000l\000\040\000F\000i\000e\000l\000d}{subsection.2.2}% 23
\BOOKMARK [3][-]{subsubsection.2.2.4}{\376\377\000P\000r\000o\000t\000o\000c\000o\000l\000\040\000F\000i\000e\000l\000d}{subsection.2.2}% 24
\BOOKMARK [3][-]{subsubsection.2.2.5}{\376\377\000I\000n\000f\000o\000r\000m\000a\000t\000i\000o\000n\000\040\000F\000i\000e\000l\000d}{subsection.2.2}% 25
\BOOKMARK [3][-]{subsubsection.2.2.6}{\376\377\000F\000r\000a\000m\000e\000\040\000C\000h\000e\000c\000k\000\040\000S\000e\000q\000u\000e\000n\000c\000e\000\050\000F\000C\000S\000\051\000\040\000F\000i\000e\000l\000d\000\040}{subsection.2.2}% 26
\BOOKMARK [2][-]{subsection.2.3}{\376\377\000A\000d\000d\000r\000e\000s\000s\000i\000n\000g}{section.2}% 27
\BOOKMARK [2][-]{subsection.2.4}{\376\377\000E\000r\000r\000o\000r\000\040\000c\000o\000n\000t\000r\000o\000l}{section.2}% 28
\BOOKMARK [2][-]{subsection.2.5}{\376\377\000L\000i\000n\000k\000\040\000M\000a\000n\000a\000g\000e\000m\000e\000n\000t\000\040\000a\000n\000d\000\040\000F\000l\000o\000w\000\040\000c\000o\000n\000t\000r\000o\000l}{section.2}% 29
\BOOKMARK [3][-]{subsubsection.2.5.1}{\376\377\000L\000C\000P\000\040\000F\000r\000a\000m\000e\000\040\000f\000o\000r\000m\000a\000t}{subsection.2.5}% 30
\BOOKMARK [3][-]{subsubsection.2.5.2}{\376\377\000E\000s\000t\000a\000b\000l\000i\000s\000h\000\040\000a\000\040\000s\000e\000s\000s\000i\000o\000n}{subsection.2.5}% 31
\BOOKMARK [1][-]{section.3}{\376\377\000S\000i\000m\000i\000l\000a\000r\000i\000t\000i\000e\000s\000,\000\040\000D\000i\000f\000f\000e\000r\000e\000n\000c\000e\000s\000,\000\040\000S\000t\000r\000e\000n\000g\000t\000h\000s\000\040\000a\000n\000d\000\040\000W\000e\000a\000k\000n\000e\000s\000s\000e\000s\000\040\000i\000n\000\040\000I\000E\000E\000E\000\040\0008\0000\0002\000.\0003\000i\000\040\000p\000r\000o\000t\000o\000c\000o\000l\000\040\000a\000n\000d\000\040\000P\000o\000i\000n\000t\000-\000t\000o\000-\000P\000o\000i\000n\000t\000\040\000P\000r\000o\000t\000o\000c\000o\000l\000\040}{}% 32
\BOOKMARK [2][-]{subsection.3.1}{\376\377\000F\000r\000a\000m\000i\000n\000g}{section.3}% 33
\BOOKMARK [2][-]{subsection.3.2}{\376\377\000A\000d\000d\000r\000e\000s\000s\000i\000n\000g}{section.3}% 34
\BOOKMARK [2][-]{subsection.3.3}{\376\377\000F\000l\000o\000w\000\040\000C\000o\000n\000t\000r\000o\000l}{section.3}% 35
\BOOKMARK [2][-]{subsection.3.4}{\376\377\000E\000r\000r\000o\000r\000\040\000C\000o\000n\000t\000r\000o\000l}{section.3}% 36
\BOOKMARK [2][-]{subsection.3.5}{\376\377\000L\000i\000n\000k\000\040\000M\000a\000n\000a\000g\000e\000m\000e\000n\000t}{section.3}% 37
\BOOKMARK [1][-]{section.4}{\376\377\000P\000o\000i\000n\000t\000-\000t\000o\000-\000P\000o\000i\000n\000t\000\040\000P\000r\000o\000t\000o\000c\000o\000l\000\040\000O\000v\000e\000r\000\040\000E\000t\000h\000e\000r\000n\000e\000t\000\050\000P\000P\000P\000o\000E\000\051}{}% 38
